{
  "stats": {
    "suites": 1,
    "tests": 1,
    "passes": 1,
    "pending": 0,
    "failures": 0,
    "start": "2019-04-03T15:31:33.434Z",
    "end": "2019-04-03T15:31:34.042Z",
    "duration": 608,
    "testsRegistered": 1,
    "passPercent": 100,
    "pendingPercent": 0,
    "other": 0,
    "hasOther": false,
    "skipped": 0,
    "hasSkipped": false,
    "passPercentClass": "success",
    "pendingPercentClass": "danger"
  },
  "suites": {
    "uuid": "6b78e569-5842-4158-a229-c189c953b9f0",
    "title": "",
    "fullFile": "",
    "file": "",
    "beforeHooks": [],
    "afterHooks": [],
    "tests": [],
    "suites": [
      {
        "uuid": "91772058-b285-4315-8062-66e2183d22fe",
        "title": "GET /posts",
        "fullFile": "/Users/marina.viana/Documents/Projetos Test/contratoTest/test/contracts/posts.js",
        "file": "/test/contracts/posts.js",
        "beforeHooks": [],
        "afterHooks": [],
        "tests": [
          {
            "title": "Deve retornar uma lista de posts",
            "fullTitle": "GET /posts Deve retornar uma lista de posts",
            "timedOut": false,
            "duration": 597,
            "state": "passed",
            "speed": "fast",
            "pass": true,
            "fail": false,
            "pending": false,
            "code": "var postsList = Joi.array().items(Joi.object().keys({\n    userId: Joi.number(),\n    id: Joi.number(),\n    title: Joi.string(),\n    body: Joi.string()\n}));\nulrlBase.get(\"/posts\").expect('Content-Type', /json/).expect(200).end(function (err, res) {\n    joiAssert(res.body, postsList);\n    done(err);\n});",
            "err": {},
            "isRoot": false,
            "uuid": "61366aa2-3e1a-4fae-b8c2-f58501157cac",
            "isHook": false,
            "skipped": false
          }
        ],
        "suites": [],
        "passes": [
          "61366aa2-3e1a-4fae-b8c2-f58501157cac"
        ],
        "failures": [],
        "pending": [],
        "skipped": [],
        "duration": 597,
        "root": false,
        "rootEmpty": false,
        "_timeout": 20000
      }
    ],
    "passes": [],
    "failures": [],
    "pending": [],
    "skipped": [],
    "duration": 0,
    "root": true,
    "rootEmpty": true,
    "_timeout": 20000
  },
  "copyrightYear": 2019
}